{"level":"info","message":"✅ Logger is working fine!","timestamp":"2025-03-11T02:12:06.262Z"}
{"level":"error","message":"Test Error: Logger Check! - GET /api/test/force-error","timestamp":"2025-03-11T02:37:19.077Z"}
{"level":"error","message":"Invalid category. Please select a valid one. - POST /api/transactions","timestamp":"2025-03-11T02:44:46.694Z"}
{"level":"error","message":"Please provide all required fields. - POST /api/transactions","timestamp":"2025-03-15T19:15:49.438Z"}
{"level":"error","message":"Please provide all required fields. - POST /api/transactions","timestamp":"2025-03-15T19:16:08.788Z"}
{"level":"error","message":"Please provide all required fields. - POST /api/transactions","timestamp":"2025-03-15T19:16:10.605Z"}
{"level":"error","message":"Please provide all required fields. - POST /api/transactions","timestamp":"2025-03-15T19:16:28.549Z"}
{"level":"error","message":"Please provide all required fields. - POST /api/transactions","timestamp":"2025-03-15T19:18:02.767Z"}
{"level":"error","message":"Please provide all required fields. - POST /api/transactions","timestamp":"2025-03-15T19:18:19.545Z"}
{"level":"error","message":"Please provide all required fields. - POST /api/transactions","timestamp":"2025-03-15T19:19:22.471Z"}
{"level":"error","message":"Invalid category. Please select a valid one. - POST /api/transactions","timestamp":"2025-03-15T20:08:56.886Z"}
{"level":"error","message":"Invalid category. Please select a valid one. - POST /api/transactions","timestamp":"2025-03-15T20:09:06.649Z"}
{"level":"error","message":"Invalid category. Please select a valid one. - POST /api/transactions","timestamp":"2025-03-15T20:10:45.207Z"}
{"level":"error","message":"Invalid category. Please select a valid one. - POST /api/transactions","timestamp":"2025-03-15T20:11:06.534Z"}
{"level":"error","message":"Invalid category. Please select a valid one. - POST /api/transactions","timestamp":"2025-03-15T20:28:05.318Z"}
{"level":"error","message":"Invalid category. Please select a valid one. - POST /api/transactions","timestamp":"2025-03-15T20:28:18.325Z"}
{"level":"error","message":"Invalid category. Please select a valid one. - POST /api/transactions","timestamp":"2025-03-15T20:28:19.878Z"}
{"level":"error","message":"endDate is not defined - POST /api/transactions","timestamp":"2025-03-15T21:03:11.926Z"}
{"level":"error","message":"endDate is not defined - POST /api/transactions","timestamp":"2025-03-15T21:03:31.011Z"}
{"level":"error","message":"endDate is not defined - POST /api/transactions","timestamp":"2025-03-15T21:04:21.959Z"}
{"level":"error","message":"Transaction validation failed: category: Cast to ObjectId failed for value \"Entertainment\" (type string) at path \"category\" because of \"BSONError\" - POST /api/transactions","timestamp":"2025-03-15T21:21:52.107Z"}
{"level":"error","message":"Invalid category. Please select a valid one. - POST /api/transactions","timestamp":"2025-03-15T21:33:19.388Z"}
{"level":"error","message":"Invalid category. Please select a valid one. - POST /api/transactions","timestamp":"2025-03-16T04:55:38.076Z"}
{"level":"error","message":"Invalid category. Please select a valid one. - POST /api/transactions","timestamp":"2025-03-16T04:56:27.293Z"}
{"level":"error","message":"Invalid category. Please select a valid one. - POST /api/transactions","timestamp":"2025-03-16T07:02:11.897Z"}
{"level":"error","message":"Invalid category. Please select a valid one. - POST /api/transactions","timestamp":"2025-03-16T08:13:34.571Z"}
{"level":"error","message":"Budget is not defined - POST /api/transactions","timestamp":"2025-03-16T08:28:31.877Z"}
{"level":"error","message":"Budget is not defined - POST /api/transactions","timestamp":"2025-03-16T08:29:30.859Z"}
{"level":"error","message":"Budget is not defined - POST /api/transactions","timestamp":"2025-03-16T08:32:45.696Z"}
{"level":"error","message":"Budget is not defined - POST /api/transactions","timestamp":"2025-03-16T08:32:57.941Z"}
{"level":"error","message":"Invalid category. Please select a valid one. - POST /api/transactions","timestamp":"2025-03-16T08:34:03.373Z"}
{"level":"error","message":"Invalid category. Please select a valid one. - POST /api/transactions","timestamp":"2025-03-16T08:34:18.679Z"}
{"level":"error","message":"Invalid category. Please select a valid one. - POST /api/transactions","timestamp":"2025-03-16T08:34:28.091Z"}
{"level":"error","message":"Invalid category. Please select a valid one. - POST /api/transactions","timestamp":"2025-03-16T08:34:58.094Z"}
{"level":"error","message":"Invalid category. Please select a valid one. - POST /api/transactions","timestamp":"2025-03-16T08:35:37.130Z"}
{"level":"error","message":"Invalid category. Please select a valid one. - POST /api/transactions","timestamp":"2025-03-16T08:35:58.411Z"}
{"level":"error","message":"Invalid category. Please select a valid one. - POST /api/transactions","timestamp":"2025-03-16T08:41:10.816Z"}
{"level":"error","message":"Transaction validation failed: category: Cast to ObjectId failed for value \"Reload\" (type string) at path \"category\" because of \"BSONError\" - POST /api/transactions","timestamp":"2025-03-16T08:49:32.189Z"}
{"level":"error","message":"Transaction validation failed: category: Cast to ObjectId failed for value \"Reload\" (type string) at path \"category\" because of \"BSONError\" - POST /api/transactions","timestamp":"2025-03-16T08:50:00.259Z"}
{"level":"error","message":"Transaction validation failed: category: Cast to ObjectId failed for value \"Reload\" (type string) at path \"category\" because of \"BSONError\" - POST /api/transactions","timestamp":"2025-03-16T08:50:03.829Z"}
{"level":"error","message":"Transaction validation failed: category: Cast to ObjectId failed for value \"Reload\" (type string) at path \"category\" because of \"BSONError\" - POST /api/transactions","timestamp":"2025-03-16T08:50:32.417Z"}
{"level":"error","message":"Invalid category. Please select a valid one. - POST /api/transactions","timestamp":"2025-03-16T12:56:45.542Z"}
{"level":"error","message":"Invalid category. Please select a valid one. - POST /api/transactions","timestamp":"2025-03-16T12:59:01.130Z"}
{"level":"error","message":"Invalid category. Please select a valid one. - POST /api/transactions","timestamp":"2025-03-16T12:59:14.194Z"}
{"level":"error","message":"Transaction validation failed: type: `ABCD` is not a valid enum value for path `type`. - POST /api/transactions","timestamp":"2025-03-16T13:28:27.133Z"}
{"level":"error","message":"Transaction validation failed: type: `Drinking` is not a valid enum value for path `type`. - POST /api/transactions","timestamp":"2025-03-16T13:28:53.617Z"}
{"level":"error","message":"Invalid category. Please select a valid one. - POST /api/transactions","timestamp":"2025-03-16T13:39:46.052Z"}
